<?xml version="1.0" encoding="UTF-8"?>
<!-- Generated by org.testng.reporters.JUnitXMLReporter -->
<testsuite ignored="0" hostname="LAPTOP-65GSV0JB" failures="0" tests="5" name="Default test" time="0.229" errors="0" timestamp="2022-03-10T12:41:01 IST">
  <testcase classname="pack123.TestNG" name="@BeforeTest launchBrowser" time="-1.646896261271E9">
    <failure type="org.testng.TestNGException" message="
Parameter &amp;apos;browser&amp;apos; is required by BeforeTest on method launchBrowser but has not been marked @Optional or defined
in C:\Users\Kshitij Gaikwad\AppData\Local\Temp\testng-eclipse--19166244\testng-customsuite.xml">
      <![CDATA[org.testng.TestNGException: 
Parameter 'browser' is required by BeforeTest on method launchBrowser but has not been marked @Optional or defined
in C:\Users\Kshitij Gaikwad\AppData\Local\Temp\testng-eclipse--19166244\testng-customsuite.xml
at org.testng.internal.Parameters.createParams(Parameters.java:270)
at org.testng.internal.Parameters.createParametersForMethod(Parameters.java:358)
at org.testng.internal.Parameters.createParameters(Parameters.java:700)
at org.testng.internal.Parameters.createConfigurationParameters(Parameters.java:168)
at org.testng.internal.ConfigInvoker.invokeConfigurations(ConfigInvoker.java:302)
at org.testng.TestRunner.invokeTestConfigurations(TestRunner.java:637)
at org.testng.TestRunner.beforeRun(TestRunner.java:627)
at org.testng.TestRunner.run(TestRunner.java:589)
at org.testng.SuiteRunner.runTest(SuiteRunner.java:377)
at org.testng.SuiteRunner.runSequentially(SuiteRunner.java:371)
at org.testng.SuiteRunner.privateRun(SuiteRunner.java:332)
at org.testng.SuiteRunner.run(SuiteRunner.java:276)
at org.testng.SuiteRunnerWorker.runSuite(SuiteRunnerWorker.java:53)
at org.testng.SuiteRunnerWorker.run(SuiteRunnerWorker.java:96)
at org.testng.TestNG.runSuitesSequentially(TestNG.java:1212)
at org.testng.TestNG.runSuitesLocally(TestNG.java:1134)
at org.testng.TestNG.runSuites(TestNG.java:1063)
at org.testng.TestNG.run(TestNG.java:1031)
at org.testng.remote.AbstractRemoteTestNG.run(AbstractRemoteTestNG.java:115)
at org.testng.remote.RemoteTestNG.initAndRun(RemoteTestNG.java:251)
at org.testng.remote.RemoteTestNG.main(RemoteTestNG.java:77)
]]>
    </failure>
  </testcase> <!-- @BeforeTest launchBrowser -->
  <testcase classname="pack123.TestNG" name="@BeforeClass objectOfAllPOMClasses" time="-1.646896261361E9">
    <skipped/>
  </testcase> <!-- @BeforeClass objectOfAllPOMClasses -->
  <testcase classname="pack123.TestNG" name="@BeforeMethod loginToApplication" time="-1.646896261383E9">
    <skipped/>
  </testcase> <!-- @BeforeMethod loginToApplication -->
  <testcase classname="pack123.TestNG" name="@AfterMethod clickOnTheLogOutTab" time="-1.64689626143E9">
    <skipped/>
  </testcase> <!-- @AfterMethod clickOnTheLogOutTab -->
  <testcase classname="pack123.TestNG" name="@BeforeMethod loginToApplication" time="-1.646896261437E9">
    <skipped/>
  </testcase> <!-- @BeforeMethod loginToApplication -->
  <testcase classname="pack123.TestNG" name="@AfterMethod clickOnTheLogOutTab" time="-1.646896261444E9">
    <skipped/>
  </testcase> <!-- @AfterMethod clickOnTheLogOutTab -->
  <testcase classname="pack123.TestNG" name="@BeforeMethod loginToApplication" time="-1.646896261446E9">
    <skipped/>
  </testcase> <!-- @BeforeMethod loginToApplication -->
  <testcase classname="pack123.TestNG" name="@AfterMethod clickOnTheLogOutTab" time="-1.64689626145E9">
    <skipped/>
  </testcase> <!-- @AfterMethod clickOnTheLogOutTab -->
  <testcase classname="pack123.TestNG" name="@BeforeMethod loginToApplication" time="-1.646896261453E9">
    <skipped/>
  </testcase> <!-- @BeforeMethod loginToApplication -->
  <testcase classname="pack123.TestNG" name="@AfterMethod clickOnTheLogOutTab" time="-1.646896261457E9">
    <skipped/>
  </testcase> <!-- @AfterMethod clickOnTheLogOutTab -->
  <testcase classname="pack123.TestNG" name="@BeforeMethod loginToApplication" time="-1.646896261458E9">
    <skipped/>
  </testcase> <!-- @BeforeMethod loginToApplication -->
  <testcase classname="pack123.TestNG" name="@AfterMethod clickOnTheLogOutTab" time="-1.646896261487E9">
    <skipped/>
  </testcase> <!-- @AfterMethod clickOnTheLogOutTab -->
  <testcase classname="pack123.TestNG" name="@AfterClass clearObjectOfPOMClasses" time="-1.646896261489E9">
    <skipped/>
  </testcase> <!-- @AfterClass clearObjectOfPOMClasses -->
  <testcase classname="pack123.TestNG" name="@AfterTest closedBrowser" time="-1.646896261491E9">
    <skipped/>
  </testcase> <!-- @AfterTest closedBrowser -->
  <testcase classname="pack123.TestNG" name="verifyOpenTaskPage" time="0.0">
    <skipped/>
  </testcase> <!-- verifyOpenTaskPage -->
  <testcase classname="pack123.TestNG" name="verifyOpenReportPage" time="0.0">
    <skipped/>
  </testcase> <!-- verifyOpenReportPage -->
  <testcase classname="pack123.TestNG" name="verifyOpenUserPage" time="0.0">
    <skipped/>
  </testcase> <!-- verifyOpenUserPage -->
  <testcase classname="pack123.TestNG" name="verifyWorkSchedulePage" time="0.0">
    <skipped/>
  </testcase> <!-- verifyWorkSchedulePage -->
  <testcase classname="pack123.TestNG" name="verifyTasks" time="0.0">
    <skipped/>
  </testcase> <!-- verifyTasks -->
</testsuite> <!-- Default test -->
