<?xml version="1.0" encoding="UTF-8"?>
<testng-results ignored="0" total="15" passed="15" failed="0" skipped="0">
  <reporter-output>
  </reporter-output>
  <suite started-at="2022-03-10T23:09:35 IST" name="Suite" finished-at="2022-03-10T23:11:06 IST" duration-ms="90585">
    <groups>
    </groups>
    <test started-at="2022-03-10T23:09:35 IST" name="Chrome" finished-at="2022-03-10T23:10:05 IST" duration-ms="29532">
      <class name="pack123.TestNG">
        <test-method is-config="true" signature="launchBrowser(java.lang.String)[pri:0, instance:pack123.TestNG@3bf9ce3e]" started-at="2022-03-10T23:09:35 IST" name="launchBrowser" finished-at="2022-03-10T23:09:37 IST" duration-ms="2251" status="PASS">
          <params>
            <param index="0">
              <value>
                <![CDATA[Chrome]]>
              </value>
            </param>
          </params>
          <reporter-output>
          </reporter-output>
        </test-method> <!-- launchBrowser -->
        <test-method is-config="true" signature="objectOfAllPOMClasses()[pri:0, instance:pack123.TestNG@3bf9ce3e]" started-at="2022-03-10T23:09:37 IST" name="objectOfAllPOMClasses" finished-at="2022-03-10T23:09:37 IST" duration-ms="45" status="PASS">
          <reporter-output>
          </reporter-output>
        </test-method> <!-- objectOfAllPOMClasses -->
        <test-method is-config="true" signature="loginToApplication()[pri:0, instance:pack123.TestNG@3bf9ce3e]" started-at="2022-03-10T23:09:37 IST" name="loginToApplication" finished-at="2022-03-10T23:09:39 IST" duration-ms="1984" status="PASS">
          <reporter-output>
          </reporter-output>
        </test-method> <!-- loginToApplication -->
        <test-method signature="verifyOpenTaskPage()[pri:0, instance:pack123.TestNG@3bf9ce3e]" started-at="2022-03-10T23:09:39 IST" name="verifyOpenTaskPage" finished-at="2022-03-10T23:09:41 IST" duration-ms="1436" status="PASS">
          <reporter-output>
          </reporter-output>
        </test-method> <!-- verifyOpenTaskPage -->
        <test-method is-config="true" signature="clickOnTheLogOutTab(org.testng.ITestResult)[pri:0, instance:pack123.TestNG@3bf9ce3e]" started-at="2022-03-10T23:09:41 IST" name="clickOnTheLogOutTab" finished-at="2022-03-10T23:09:44 IST" duration-ms="3201" status="PASS">
          <params>
            <param index="0">
              <value>
                <![CDATA[[TestResult name=verifyOpenTaskPage status=SUCCESS method=TestNG.verifyOpenTaskPage()[pri:0, instance:pack123.TestNG@3bf9ce3e] output={null}]]]>
              </value>
            </param>
          </params>
          <reporter-output>
          </reporter-output>
        </test-method> <!-- clickOnTheLogOutTab -->
        <test-method is-config="true" signature="loginToApplication()[pri:0, instance:pack123.TestNG@3bf9ce3e]" started-at="2022-03-10T23:09:44 IST" name="loginToApplication" finished-at="2022-03-10T23:09:45 IST" duration-ms="609" status="PASS">
          <reporter-output>
          </reporter-output>
        </test-method> <!-- loginToApplication -->
        <test-method signature="verifyOpenReportPage()[pri:1, instance:pack123.TestNG@3bf9ce3e]" started-at="2022-03-10T23:09:45 IST" name="verifyOpenReportPage" finished-at="2022-03-10T23:09:46 IST" duration-ms="873" status="PASS">
          <reporter-output>
          </reporter-output>
        </test-method> <!-- verifyOpenReportPage -->
        <test-method is-config="true" signature="clickOnTheLogOutTab(org.testng.ITestResult)[pri:0, instance:pack123.TestNG@3bf9ce3e]" started-at="2022-03-10T23:09:46 IST" name="clickOnTheLogOutTab" finished-at="2022-03-10T23:09:49 IST" duration-ms="3222" status="PASS">
          <params>
            <param index="0">
              <value>
                <![CDATA[[TestResult name=verifyOpenReportPage status=SUCCESS method=TestNG.verifyOpenReportPage()[pri:1, instance:pack123.TestNG@3bf9ce3e] output={null}]]]>
              </value>
            </param>
          </params>
          <reporter-output>
          </reporter-output>
        </test-method> <!-- clickOnTheLogOutTab -->
        <test-method is-config="true" signature="loginToApplication()[pri:0, instance:pack123.TestNG@3bf9ce3e]" started-at="2022-03-10T23:09:49 IST" name="loginToApplication" finished-at="2022-03-10T23:09:49 IST" duration-ms="506" status="PASS">
          <reporter-output>
          </reporter-output>
        </test-method> <!-- loginToApplication -->
        <test-method signature="verifyOpenUserPage()[pri:2, instance:pack123.TestNG@3bf9ce3e]" started-at="2022-03-10T23:09:49 IST" name="verifyOpenUserPage" finished-at="2022-03-10T23:09:50 IST" duration-ms="1105" status="PASS">
          <reporter-output>
          </reporter-output>
        </test-method> <!-- verifyOpenUserPage -->
        <test-method is-config="true" signature="clickOnTheLogOutTab(org.testng.ITestResult)[pri:0, instance:pack123.TestNG@3bf9ce3e]" started-at="2022-03-10T23:09:50 IST" name="clickOnTheLogOutTab" finished-at="2022-03-10T23:09:54 IST" duration-ms="3096" status="PASS">
          <params>
            <param index="0">
              <value>
                <![CDATA[[TestResult name=verifyOpenUserPage status=SUCCESS method=TestNG.verifyOpenUserPage()[pri:2, instance:pack123.TestNG@3bf9ce3e] output={null}]]]>
              </value>
            </param>
          </params>
          <reporter-output>
          </reporter-output>
        </test-method> <!-- clickOnTheLogOutTab -->
        <test-method is-config="true" signature="loginToApplication()[pri:0, instance:pack123.TestNG@3bf9ce3e]" started-at="2022-03-10T23:09:54 IST" name="loginToApplication" finished-at="2022-03-10T23:09:54 IST" duration-ms="445" status="PASS">
          <reporter-output>
          </reporter-output>
        </test-method> <!-- loginToApplication -->
        <test-method signature="verifyWorkSchedulePage()[pri:3, instance:pack123.TestNG@3bf9ce3e]" started-at="2022-03-10T23:09:54 IST" name="verifyWorkSchedulePage" finished-at="2022-03-10T23:09:55 IST" duration-ms="733" status="PASS">
          <reporter-output>
          </reporter-output>
        </test-method> <!-- verifyWorkSchedulePage -->
        <test-method is-config="true" signature="clickOnTheLogOutTab(org.testng.ITestResult)[pri:0, instance:pack123.TestNG@3bf9ce3e]" started-at="2022-03-10T23:09:55 IST" name="clickOnTheLogOutTab" finished-at="2022-03-10T23:09:58 IST" duration-ms="3114" status="PASS">
          <params>
            <param index="0">
              <value>
                <![CDATA[[TestResult name=verifyWorkSchedulePage status=SUCCESS method=TestNG.verifyWorkSchedulePage()[pri:3, instance:pack123.TestNG@3bf9ce3e] output={null}]]]>
              </value>
            </param>
          </params>
          <reporter-output>
          </reporter-output>
        </test-method> <!-- clickOnTheLogOutTab -->
        <test-method is-config="true" signature="loginToApplication()[pri:0, instance:pack123.TestNG@3bf9ce3e]" started-at="2022-03-10T23:09:58 IST" name="loginToApplication" finished-at="2022-03-10T23:09:58 IST" duration-ms="401" status="PASS">
          <reporter-output>
          </reporter-output>
        </test-method> <!-- loginToApplication -->
        <test-method signature="verifyTasks()[pri:4, instance:pack123.TestNG@3bf9ce3e]" started-at="2022-03-10T23:09:58 IST" name="verifyTasks" finished-at="2022-03-10T23:10:01 IST" duration-ms="2382" status="PASS">
          <reporter-output>
          </reporter-output>
        </test-method> <!-- verifyTasks -->
        <test-method is-config="true" signature="clickOnTheLogOutTab(org.testng.ITestResult)[pri:0, instance:pack123.TestNG@3bf9ce3e]" started-at="2022-03-10T23:10:01 IST" name="clickOnTheLogOutTab" finished-at="2022-03-10T23:10:05 IST" duration-ms="4066" status="FAIL">
          <params>
            <param index="0">
              <value>
                <![CDATA[[TestResult name=verifyTasks status=SUCCESS method=TestNG.verifyTasks()[pri:4, instance:pack123.TestNG@3bf9ce3e] output={null}]]]>
              </value>
            </param>
          </params>
          <exception class="org.openqa.selenium.ElementClickInterceptedException">
            <message>
              <![CDATA[element click intercepted: Element <a href="/logout.do" id="logoutLink" class="logout">...</a> is not clickable at point (1316, 38). Other element would receive the click: <img src="/img/default/dialogs/exitconfirm/shade.png?hash=274618146" id="muar" style="display: block;">
  (Session info: chrome=99.0.4844.51)
Build info: version: '3.141.59', revision: 'e82be7d358', time: '2018-11-14T08:17:03'
System info: host: 'LAPTOP-65GSV0JB', ip: '192.168.1.4', os.name: 'Windows 10', os.arch: 'amd64', os.version: '10.0', java.version: '17.0.1'
Driver info: org.openqa.selenium.chrome.ChromeDriver
Capabilities {acceptInsecureCerts: false, browserName: chrome, browserVersion: 99.0.4844.51, chrome: {chromedriverVersion: 99.0.4844.51 (d537ec02474b5..., userDataDir: C:\Users\KSHITI~1\AppData\L...}, goog:chromeOptions: {debuggerAddress: localhost:51276}, javascriptEnabled: true, networkConnectionEnabled: false, pageLoadStrategy: normal, platform: WINDOWS, platformName: WINDOWS, proxy: Proxy(), setWindowRect: true, strictFileInteractability: false, timeouts: {implicit: 0, pageLoad: 300000, script: 30000}, unhandledPromptBehavior: dismiss and notify, webauthn:extension:credBlob: true, webauthn:extension:largeBlob: true, webauthn:virtualAuthenticators: true}
Session ID: b4956c5312efc76b23b34dc07e704220]]>
            </message>
            <full-stacktrace>
              <![CDATA[org.openqa.selenium.ElementClickInterceptedException: element click intercepted: Element <a href="/logout.do" id="logoutLink" class="logout">...</a> is not clickable at point (1316, 38). Other element would receive the click: <img src="/img/default/dialogs/exitconfirm/shade.png?hash=274618146" id="muar" style="display: block;">
  (Session info: chrome=99.0.4844.51)
Build info: version: '3.141.59', revision: 'e82be7d358', time: '2018-11-14T08:17:03'
System info: host: 'LAPTOP-65GSV0JB', ip: '192.168.1.4', os.name: 'Windows 10', os.arch: 'amd64', os.version: '10.0', java.version: '17.0.1'
Driver info: org.openqa.selenium.chrome.ChromeDriver
Capabilities {acceptInsecureCerts: false, browserName: chrome, browserVersion: 99.0.4844.51, chrome: {chromedriverVersion: 99.0.4844.51 (d537ec02474b5..., userDataDir: C:\Users\KSHITI~1\AppData\L...}, goog:chromeOptions: {debuggerAddress: localhost:51276}, javascriptEnabled: true, networkConnectionEnabled: false, pageLoadStrategy: normal, platform: WINDOWS, platformName: WINDOWS, proxy: Proxy(), setWindowRect: true, strictFileInteractability: false, timeouts: {implicit: 0, pageLoad: 300000, script: 30000}, unhandledPromptBehavior: dismiss and notify, webauthn:extension:credBlob: true, webauthn:extension:largeBlob: true, webauthn:virtualAuthenticators: true}
Session ID: b4956c5312efc76b23b34dc07e704220
at java.base/jdk.internal.reflect.NativeConstructorAccessorImpl.newInstance0(Native Method)
at java.base/jdk.internal.reflect.NativeConstructorAccessorImpl.newInstance(NativeConstructorAccessorImpl.java:77)
at java.base/jdk.internal.reflect.DelegatingConstructorAccessorImpl.newInstance(DelegatingConstructorAccessorImpl.java:45)
at java.base/java.lang.reflect.Constructor.newInstanceWithCaller(Constructor.java:499)
at java.base/java.lang.reflect.Constructor.newInstance(Constructor.java:480)
at org.openqa.selenium.remote.http.W3CHttpResponseCodec.createException(W3CHttpResponseCodec.java:187)
at org.openqa.selenium.remote.http.W3CHttpResponseCodec.decode(W3CHttpResponseCodec.java:122)
at org.openqa.selenium.remote.http.W3CHttpResponseCodec.decode(W3CHttpResponseCodec.java:49)
at org.openqa.selenium.remote.HttpCommandExecutor.execute(HttpCommandExecutor.java:158)
at org.openqa.selenium.remote.service.DriverCommandExecutor.execute(DriverCommandExecutor.java:83)
at org.openqa.selenium.remote.RemoteWebDriver.execute(RemoteWebDriver.java:552)
at org.openqa.selenium.remote.RemoteWebElement.execute(RemoteWebElement.java:285)
at org.openqa.selenium.remote.RemoteWebElement.click(RemoteWebElement.java:84)
at jdk.internal.reflect.GeneratedMethodAccessor1.invoke(Unknown Source)
at java.base/jdk.internal.reflect.DelegatingMethodAccessorImpl.invoke(DelegatingMethodAccessorImpl.java:43)
at java.base/java.lang.reflect.Method.invoke(Method.java:568)
at org.openqa.selenium.support.pagefactory.internal.LocatingElementHandler.invoke(LocatingElementHandler.java:51)
at jdk.proxy2/jdk.proxy2.$Proxy17.click(Unknown Source)
at pom.ApplicationHeaderPage.clickOnLogOutTab(ApplicationHeaderPage.java:65)
at pack123.TestNG.clickOnTheLogOutTab(TestNG.java:174)
at java.base/jdk.internal.reflect.NativeMethodAccessorImpl.invoke0(Native Method)
at java.base/jdk.internal.reflect.NativeMethodAccessorImpl.invoke(NativeMethodAccessorImpl.java:77)
at java.base/jdk.internal.reflect.DelegatingMethodAccessorImpl.invoke(DelegatingMethodAccessorImpl.java:43)
at java.base/java.lang.reflect.Method.invoke(Method.java:568)
at org.testng.internal.MethodInvocationHelper.invokeMethod(MethodInvocationHelper.java:133)
at org.testng.internal.MethodInvocationHelper.invokeMethodConsideringTimeout(MethodInvocationHelper.java:62)
at org.testng.internal.ConfigInvoker.invokeConfigurationMethod(ConfigInvoker.java:385)
at org.testng.internal.ConfigInvoker.invokeConfigurations(ConfigInvoker.java:321)
at org.testng.internal.TestInvoker.runConfigMethods(TestInvoker.java:700)
at org.testng.internal.TestInvoker.runAfterGroupsConfigurations(TestInvoker.java:676)
at org.testng.internal.TestInvoker.invokeMethod(TestInvoker.java:660)
at org.testng.internal.TestInvoker.invokeTestMethod(TestInvoker.java:173)
at org.testng.internal.MethodRunner.runInSequence(MethodRunner.java:46)
at org.testng.internal.TestInvoker$MethodInvocationAgent.invoke(TestInvoker.java:824)
at org.testng.internal.TestInvoker.invokeTestMethods(TestInvoker.java:146)
at org.testng.internal.TestMethodWorker.invokeTestMethods(TestMethodWorker.java:146)
at org.testng.internal.TestMethodWorker.run(TestMethodWorker.java:128)
at java.base/java.util.concurrent.ThreadPoolExecutor.runWorker(ThreadPoolExecutor.java:1136)
at java.base/java.util.concurrent.ThreadPoolExecutor$Worker.run(ThreadPoolExecutor.java:635)
at java.base/java.lang.Thread.run(Thread.java:833)
]]>
            </full-stacktrace>
          </exception> <!-- org.openqa.selenium.ElementClickInterceptedException -->
          <reporter-output>
          </reporter-output>
        </test-method> <!-- clickOnTheLogOutTab -->
        <test-method is-config="true" signature="clearObjectOfPOMClasses()[pri:0, instance:pack123.TestNG@3bf9ce3e]" started-at="2022-03-10T23:10:05 IST" name="clearObjectOfPOMClasses" finished-at="1970-01-01T05:30:00 IST" duration-ms="-1646934005153" status="SKIP">
          <reporter-output>
          </reporter-output>
        </test-method> <!-- clearObjectOfPOMClasses -->
        <test-method is-config="true" signature="closedBrowser()[pri:0, instance:pack123.TestNG@3bf9ce3e]" started-at="2022-03-10T23:10:05 IST" name="closedBrowser" finished-at="1970-01-01T05:30:00 IST" duration-ms="-1646934005154" status="SKIP">
          <reporter-output>
          </reporter-output>
        </test-method> <!-- closedBrowser -->
      </class> <!-- pack123.TestNG -->
    </test> <!-- Chrome -->
    <test started-at="2022-03-10T23:10:05 IST" name="Edge" finished-at="2022-03-10T23:10:35 IST" duration-ms="29887">
      <class name="pack123.TestNG">
        <test-method is-config="true" signature="launchBrowser(java.lang.String)[pri:0, instance:pack123.TestNG@3a44431a]" started-at="2022-03-10T23:10:05 IST" name="launchBrowser" finished-at="2022-03-10T23:10:07 IST" duration-ms="2708" status="PASS">
          <params>
            <param index="0">
              <value>
                <![CDATA[Edge]]>
              </value>
            </param>
          </params>
          <reporter-output>
          </reporter-output>
        </test-method> <!-- launchBrowser -->
        <test-method is-config="true" signature="objectOfAllPOMClasses()[pri:0, instance:pack123.TestNG@3a44431a]" started-at="2022-03-10T23:10:07 IST" name="objectOfAllPOMClasses" finished-at="2022-03-10T23:10:07 IST" duration-ms="1" status="PASS">
          <reporter-output>
          </reporter-output>
        </test-method> <!-- objectOfAllPOMClasses -->
        <test-method is-config="true" signature="loginToApplication()[pri:0, instance:pack123.TestNG@3a44431a]" started-at="2022-03-10T23:10:07 IST" name="loginToApplication" finished-at="2022-03-10T23:10:08 IST" duration-ms="1045" status="PASS">
          <reporter-output>
          </reporter-output>
        </test-method> <!-- loginToApplication -->
        <test-method signature="verifyOpenTaskPage()[pri:0, instance:pack123.TestNG@3a44431a]" started-at="2022-03-10T23:10:08 IST" name="verifyOpenTaskPage" finished-at="2022-03-10T23:10:10 IST" duration-ms="1261" status="PASS">
          <reporter-output>
          </reporter-output>
        </test-method> <!-- verifyOpenTaskPage -->
        <test-method is-config="true" signature="clickOnTheLogOutTab(org.testng.ITestResult)[pri:0, instance:pack123.TestNG@3a44431a]" started-at="2022-03-10T23:10:10 IST" name="clickOnTheLogOutTab" finished-at="2022-03-10T23:10:13 IST" duration-ms="3221" status="PASS">
          <params>
            <param index="0">
              <value>
                <![CDATA[[TestResult name=verifyOpenTaskPage status=SUCCESS method=TestNG.verifyOpenTaskPage()[pri:0, instance:pack123.TestNG@3a44431a] output={null}]]]>
              </value>
            </param>
          </params>
          <reporter-output>
          </reporter-output>
        </test-method> <!-- clickOnTheLogOutTab -->
        <test-method is-config="true" signature="loginToApplication()[pri:0, instance:pack123.TestNG@3a44431a]" started-at="2022-03-10T23:10:13 IST" name="loginToApplication" finished-at="2022-03-10T23:10:14 IST" duration-ms="860" status="PASS">
          <reporter-output>
          </reporter-output>
        </test-method> <!-- loginToApplication -->
        <test-method signature="verifyOpenReportPage()[pri:1, instance:pack123.TestNG@3a44431a]" started-at="2022-03-10T23:10:14 IST" name="verifyOpenReportPage" finished-at="2022-03-10T23:10:15 IST" duration-ms="831" status="PASS">
          <reporter-output>
          </reporter-output>
        </test-method> <!-- verifyOpenReportPage -->
        <test-method is-config="true" signature="clickOnTheLogOutTab(org.testng.ITestResult)[pri:0, instance:pack123.TestNG@3a44431a]" started-at="2022-03-10T23:10:15 IST" name="clickOnTheLogOutTab" finished-at="2022-03-10T23:10:18 IST" duration-ms="3153" status="PASS">
          <params>
            <param index="0">
              <value>
                <![CDATA[[TestResult name=verifyOpenReportPage status=SUCCESS method=TestNG.verifyOpenReportPage()[pri:1, instance:pack123.TestNG@3a44431a] output={null}]]]>
              </value>
            </param>
          </params>
          <reporter-output>
          </reporter-output>
        </test-method> <!-- clickOnTheLogOutTab -->
        <test-method is-config="true" signature="loginToApplication()[pri:0, instance:pack123.TestNG@3a44431a]" started-at="2022-03-10T23:10:18 IST" name="loginToApplication" finished-at="2022-03-10T23:10:18 IST" duration-ms="577" status="PASS">
          <reporter-output>
          </reporter-output>
        </test-method> <!-- loginToApplication -->
        <test-method signature="verifyOpenUserPage()[pri:2, instance:pack123.TestNG@3a44431a]" started-at="2022-03-10T23:10:18 IST" name="verifyOpenUserPage" finished-at="2022-03-10T23:10:19 IST" duration-ms="1142" status="PASS">
          <reporter-output>
          </reporter-output>
        </test-method> <!-- verifyOpenUserPage -->
        <test-method is-config="true" signature="clickOnTheLogOutTab(org.testng.ITestResult)[pri:0, instance:pack123.TestNG@3a44431a]" started-at="2022-03-10T23:10:19 IST" name="clickOnTheLogOutTab" finished-at="2022-03-10T23:10:23 IST" duration-ms="3161" status="PASS">
          <params>
            <param index="0">
              <value>
                <![CDATA[[TestResult name=verifyOpenUserPage status=SUCCESS method=TestNG.verifyOpenUserPage()[pri:2, instance:pack123.TestNG@3a44431a] output={null}]]]>
              </value>
            </param>
          </params>
          <reporter-output>
          </reporter-output>
        </test-method> <!-- clickOnTheLogOutTab -->
        <test-method is-config="true" signature="loginToApplication()[pri:0, instance:pack123.TestNG@3a44431a]" started-at="2022-03-10T23:10:23 IST" name="loginToApplication" finished-at="2022-03-10T23:10:23 IST" duration-ms="565" status="PASS">
          <reporter-output>
          </reporter-output>
        </test-method> <!-- loginToApplication -->
        <test-method signature="verifyWorkSchedulePage()[pri:3, instance:pack123.TestNG@3a44431a]" started-at="2022-03-10T23:10:23 IST" name="verifyWorkSchedulePage" finished-at="2022-03-10T23:10:24 IST" duration-ms="715" status="PASS">
          <reporter-output>
          </reporter-output>
        </test-method> <!-- verifyWorkSchedulePage -->
        <test-method is-config="true" signature="clickOnTheLogOutTab(org.testng.ITestResult)[pri:0, instance:pack123.TestNG@3a44431a]" started-at="2022-03-10T23:10:24 IST" name="clickOnTheLogOutTab" finished-at="2022-03-10T23:10:27 IST" duration-ms="3211" status="PASS">
          <params>
            <param index="0">
              <value>
                <![CDATA[[TestResult name=verifyWorkSchedulePage status=SUCCESS method=TestNG.verifyWorkSchedulePage()[pri:3, instance:pack123.TestNG@3a44431a] output={null}]]]>
              </value>
            </param>
          </params>
          <reporter-output>
          </reporter-output>
        </test-method> <!-- clickOnTheLogOutTab -->
        <test-method is-config="true" signature="loginToApplication()[pri:0, instance:pack123.TestNG@3a44431a]" started-at="2022-03-10T23:10:27 IST" name="loginToApplication" finished-at="2022-03-10T23:10:28 IST" duration-ms="676" status="PASS">
          <reporter-output>
          </reporter-output>
        </test-method> <!-- loginToApplication -->
        <test-method signature="verifyTasks()[pri:4, instance:pack123.TestNG@3a44431a]" started-at="2022-03-10T23:10:28 IST" name="verifyTasks" finished-at="2022-03-10T23:10:30 IST" duration-ms="2624" status="PASS">
          <reporter-output>
          </reporter-output>
        </test-method> <!-- verifyTasks -->
        <test-method is-config="true" signature="clickOnTheLogOutTab(org.testng.ITestResult)[pri:0, instance:pack123.TestNG@3a44431a]" started-at="2022-03-10T23:10:30 IST" name="clickOnTheLogOutTab" finished-at="2022-03-10T23:10:35 IST" duration-ms="4115" status="FAIL">
          <params>
            <param index="0">
              <value>
                <![CDATA[[TestResult name=verifyTasks status=SUCCESS method=TestNG.verifyTasks()[pri:4, instance:pack123.TestNG@3a44431a] output={null}]]]>
              </value>
            </param>
          </params>
          <exception class="org.openqa.selenium.ElementClickInterceptedException">
            <message>
              <![CDATA[element click intercepted: Element <a href="/logout.do" id="logoutLink" class="logout">...</a> is not clickable at point (1316, 40). Other element would receive the click: <img src="/img/default/dialogs/exitconfirm/shade.png?hash=274618146" id="muar" style="display: block;">
  (Session info: MicrosoftEdge=99.0.1150.36)
Build info: version: '3.141.59', revision: 'e82be7d358', time: '2018-11-14T08:17:03'
System info: host: 'LAPTOP-65GSV0JB', ip: '192.168.1.4', os.name: 'Windows 10', os.arch: 'amd64', os.version: '10.0', java.version: '17.0.1'
Driver info: org.openqa.selenium.edge.EdgeDriver
Capabilities {acceptInsecureCerts: false, browserName: msedge, browserVersion: 99.0.1150.36, javascriptEnabled: true, ms:edgeOptions: {debuggerAddress: localhost:51307}, msedge: {msedgedriverVersion: 98.0.1108.62 (86b4ba0c0a320..., userDataDir: C:\Users\KSHITI~1\AppData\L...}, networkConnectionEnabled: false, pageLoadStrategy: normal, platform: WINDOWS, platformName: WINDOWS, proxy: Proxy(), setWindowRect: true, strictFileInteractability: false, timeouts: {implicit: 0, pageLoad: 300000, script: 30000}, unhandledPromptBehavior: dismiss and notify, webauthn:extension:credBlob: true, webauthn:extension:largeBlob: true, webauthn:virtualAuthenticators: true}
Session ID: cc09b67aff30ff2d812a2552fca1fcce]]>
            </message>
            <full-stacktrace>
              <![CDATA[org.openqa.selenium.ElementClickInterceptedException: element click intercepted: Element <a href="/logout.do" id="logoutLink" class="logout">...</a> is not clickable at point (1316, 40). Other element would receive the click: <img src="/img/default/dialogs/exitconfirm/shade.png?hash=274618146" id="muar" style="display: block;">
  (Session info: MicrosoftEdge=99.0.1150.36)
Build info: version: '3.141.59', revision: 'e82be7d358', time: '2018-11-14T08:17:03'
System info: host: 'LAPTOP-65GSV0JB', ip: '192.168.1.4', os.name: 'Windows 10', os.arch: 'amd64', os.version: '10.0', java.version: '17.0.1'
Driver info: org.openqa.selenium.edge.EdgeDriver
Capabilities {acceptInsecureCerts: false, browserName: msedge, browserVersion: 99.0.1150.36, javascriptEnabled: true, ms:edgeOptions: {debuggerAddress: localhost:51307}, msedge: {msedgedriverVersion: 98.0.1108.62 (86b4ba0c0a320..., userDataDir: C:\Users\KSHITI~1\AppData\L...}, networkConnectionEnabled: false, pageLoadStrategy: normal, platform: WINDOWS, platformName: WINDOWS, proxy: Proxy(), setWindowRect: true, strictFileInteractability: false, timeouts: {implicit: 0, pageLoad: 300000, script: 30000}, unhandledPromptBehavior: dismiss and notify, webauthn:extension:credBlob: true, webauthn:extension:largeBlob: true, webauthn:virtualAuthenticators: true}
Session ID: cc09b67aff30ff2d812a2552fca1fcce
at java.base/jdk.internal.reflect.NativeConstructorAccessorImpl.newInstance0(Native Method)
at java.base/jdk.internal.reflect.NativeConstructorAccessorImpl.newInstance(NativeConstructorAccessorImpl.java:77)
at java.base/jdk.internal.reflect.DelegatingConstructorAccessorImpl.newInstance(DelegatingConstructorAccessorImpl.java:45)
at java.base/java.lang.reflect.Constructor.newInstanceWithCaller(Constructor.java:499)
at java.base/java.lang.reflect.Constructor.newInstance(Constructor.java:480)
at org.openqa.selenium.remote.http.W3CHttpResponseCodec.createException(W3CHttpResponseCodec.java:187)
at org.openqa.selenium.remote.http.W3CHttpResponseCodec.decode(W3CHttpResponseCodec.java:122)
at org.openqa.selenium.remote.http.W3CHttpResponseCodec.decode(W3CHttpResponseCodec.java:49)
at org.openqa.selenium.remote.HttpCommandExecutor.execute(HttpCommandExecutor.java:158)
at org.openqa.selenium.remote.service.DriverCommandExecutor.execute(DriverCommandExecutor.java:83)
at org.openqa.selenium.remote.RemoteWebDriver.execute(RemoteWebDriver.java:552)
at org.openqa.selenium.remote.RemoteWebElement.execute(RemoteWebElement.java:285)
at org.openqa.selenium.remote.RemoteWebElement.click(RemoteWebElement.java:84)
at jdk.internal.reflect.GeneratedMethodAccessor1.invoke(Unknown Source)
at java.base/jdk.internal.reflect.DelegatingMethodAccessorImpl.invoke(DelegatingMethodAccessorImpl.java:43)
at java.base/java.lang.reflect.Method.invoke(Method.java:568)
at org.openqa.selenium.support.pagefactory.internal.LocatingElementHandler.invoke(LocatingElementHandler.java:51)
at jdk.proxy2/jdk.proxy2.$Proxy17.click(Unknown Source)
at pom.ApplicationHeaderPage.clickOnLogOutTab(ApplicationHeaderPage.java:65)
at pack123.TestNG.clickOnTheLogOutTab(TestNG.java:174)
at java.base/jdk.internal.reflect.NativeMethodAccessorImpl.invoke0(Native Method)
at java.base/jdk.internal.reflect.NativeMethodAccessorImpl.invoke(NativeMethodAccessorImpl.java:77)
at java.base/jdk.internal.reflect.DelegatingMethodAccessorImpl.invoke(DelegatingMethodAccessorImpl.java:43)
at java.base/java.lang.reflect.Method.invoke(Method.java:568)
at org.testng.internal.MethodInvocationHelper.invokeMethod(MethodInvocationHelper.java:133)
at org.testng.internal.MethodInvocationHelper.invokeMethodConsideringTimeout(MethodInvocationHelper.java:62)
at org.testng.internal.ConfigInvoker.invokeConfigurationMethod(ConfigInvoker.java:385)
at org.testng.internal.ConfigInvoker.invokeConfigurations(ConfigInvoker.java:321)
at org.testng.internal.TestInvoker.runConfigMethods(TestInvoker.java:700)
at org.testng.internal.TestInvoker.runAfterGroupsConfigurations(TestInvoker.java:676)
at org.testng.internal.TestInvoker.invokeMethod(TestInvoker.java:660)
at org.testng.internal.TestInvoker.invokeTestMethod(TestInvoker.java:173)
at org.testng.internal.MethodRunner.runInSequence(MethodRunner.java:46)
at org.testng.internal.TestInvoker$MethodInvocationAgent.invoke(TestInvoker.java:824)
at org.testng.internal.TestInvoker.invokeTestMethods(TestInvoker.java:146)
at org.testng.internal.TestMethodWorker.invokeTestMethods(TestMethodWorker.java:146)
at org.testng.internal.TestMethodWorker.run(TestMethodWorker.java:128)
at java.base/java.util.concurrent.ThreadPoolExecutor.runWorker(ThreadPoolExecutor.java:1136)
at java.base/java.util.concurrent.ThreadPoolExecutor$Worker.run(ThreadPoolExecutor.java:635)
at java.base/java.lang.Thread.run(Thread.java:833)
]]>
            </full-stacktrace>
          </exception> <!-- org.openqa.selenium.ElementClickInterceptedException -->
          <reporter-output>
          </reporter-output>
        </test-method> <!-- clickOnTheLogOutTab -->
        <test-method is-config="true" signature="clearObjectOfPOMClasses()[pri:0, instance:pack123.TestNG@3a44431a]" started-at="2022-03-10T23:10:35 IST" name="clearObjectOfPOMClasses" finished-at="1970-01-01T05:30:00 IST" duration-ms="-1646934035074" status="SKIP">
          <reporter-output>
          </reporter-output>
        </test-method> <!-- clearObjectOfPOMClasses -->
        <test-method is-config="true" signature="closedBrowser()[pri:0, instance:pack123.TestNG@3a44431a]" started-at="2022-03-10T23:10:35 IST" name="closedBrowser" finished-at="1970-01-01T05:30:00 IST" duration-ms="-1646934035075" status="SKIP">
          <reporter-output>
          </reporter-output>
        </test-method> <!-- closedBrowser -->
      </class> <!-- pack123.TestNG -->
    </test> <!-- Edge -->
    <test started-at="2022-03-10T23:10:35 IST" name="Firefox" finished-at="2022-03-10T23:11:06 IST" duration-ms="31121">
      <class name="pack123.TestNG">
        <test-method is-config="true" signature="launchBrowser(java.lang.String)[pri:0, instance:pack123.TestNG@4803b726]" started-at="2022-03-10T23:10:35 IST" name="launchBrowser" finished-at="2022-03-10T23:10:39 IST" duration-ms="4720" status="PASS">
          <params>
            <param index="0">
              <value>
                <![CDATA[Firefox]]>
              </value>
            </param>
          </params>
          <reporter-output>
          </reporter-output>
        </test-method> <!-- launchBrowser -->
        <test-method is-config="true" signature="objectOfAllPOMClasses()[pri:0, instance:pack123.TestNG@4803b726]" started-at="2022-03-10T23:10:39 IST" name="objectOfAllPOMClasses" finished-at="2022-03-10T23:10:39 IST" duration-ms="1" status="PASS">
          <reporter-output>
          </reporter-output>
        </test-method> <!-- objectOfAllPOMClasses -->
        <test-method is-config="true" signature="loginToApplication()[pri:0, instance:pack123.TestNG@4803b726]" started-at="2022-03-10T23:10:39 IST" name="loginToApplication" finished-at="2022-03-10T23:10:41 IST" duration-ms="1862" status="PASS">
          <reporter-output>
          </reporter-output>
        </test-method> <!-- loginToApplication -->
        <test-method signature="verifyOpenTaskPage()[pri:0, instance:pack123.TestNG@4803b726]" started-at="2022-03-10T23:10:41 IST" name="verifyOpenTaskPage" finished-at="2022-03-10T23:10:42 IST" duration-ms="629" status="PASS">
          <reporter-output>
          </reporter-output>
        </test-method> <!-- verifyOpenTaskPage -->
        <test-method is-config="true" signature="clickOnTheLogOutTab(org.testng.ITestResult)[pri:0, instance:pack123.TestNG@4803b726]" started-at="2022-03-10T23:10:42 IST" name="clickOnTheLogOutTab" finished-at="2022-03-10T23:10:45 IST" duration-ms="3172" status="PASS">
          <params>
            <param index="0">
              <value>
                <![CDATA[[TestResult name=verifyOpenTaskPage status=SUCCESS method=TestNG.verifyOpenTaskPage()[pri:0, instance:pack123.TestNG@4803b726] output={null}]]]>
              </value>
            </param>
          </params>
          <reporter-output>
          </reporter-output>
        </test-method> <!-- clickOnTheLogOutTab -->
        <test-method is-config="true" signature="loginToApplication()[pri:0, instance:pack123.TestNG@4803b726]" started-at="2022-03-10T23:10:45 IST" name="loginToApplication" finished-at="2022-03-10T23:10:46 IST" duration-ms="1230" status="PASS">
          <reporter-output>
          </reporter-output>
        </test-method> <!-- loginToApplication -->
        <test-method signature="verifyOpenReportPage()[pri:1, instance:pack123.TestNG@4803b726]" started-at="2022-03-10T23:10:46 IST" name="verifyOpenReportPage" finished-at="2022-03-10T23:10:47 IST" duration-ms="414" status="PASS">
          <reporter-output>
          </reporter-output>
        </test-method> <!-- verifyOpenReportPage -->
        <test-method is-config="true" signature="clickOnTheLogOutTab(org.testng.ITestResult)[pri:0, instance:pack123.TestNG@4803b726]" started-at="2022-03-10T23:10:47 IST" name="clickOnTheLogOutTab" finished-at="2022-03-10T23:10:50 IST" duration-ms="3137" status="PASS">
          <params>
            <param index="0">
              <value>
                <![CDATA[[TestResult name=verifyOpenReportPage status=SUCCESS method=TestNG.verifyOpenReportPage()[pri:1, instance:pack123.TestNG@4803b726] output={null}]]]>
              </value>
            </param>
          </params>
          <reporter-output>
          </reporter-output>
        </test-method> <!-- clickOnTheLogOutTab -->
        <test-method is-config="true" signature="loginToApplication()[pri:0, instance:pack123.TestNG@4803b726]" started-at="2022-03-10T23:10:50 IST" name="loginToApplication" finished-at="2022-03-10T23:10:51 IST" duration-ms="1000" status="PASS">
          <reporter-output>
          </reporter-output>
        </test-method> <!-- loginToApplication -->
        <test-method signature="verifyOpenUserPage()[pri:2, instance:pack123.TestNG@4803b726]" started-at="2022-03-10T23:10:51 IST" name="verifyOpenUserPage" finished-at="2022-03-10T23:10:52 IST" duration-ms="878" status="PASS">
          <reporter-output>
          </reporter-output>
        </test-method> <!-- verifyOpenUserPage -->
        <test-method is-config="true" signature="clickOnTheLogOutTab(org.testng.ITestResult)[pri:0, instance:pack123.TestNG@4803b726]" started-at="2022-03-10T23:10:52 IST" name="clickOnTheLogOutTab" finished-at="2022-03-10T23:10:55 IST" duration-ms="3138" status="PASS">
          <params>
            <param index="0">
              <value>
                <![CDATA[[TestResult name=verifyOpenUserPage status=SUCCESS method=TestNG.verifyOpenUserPage()[pri:2, instance:pack123.TestNG@4803b726] output={null}]]]>
              </value>
            </param>
          </params>
          <reporter-output>
          </reporter-output>
        </test-method> <!-- clickOnTheLogOutTab -->
        <test-method is-config="true" signature="loginToApplication()[pri:0, instance:pack123.TestNG@4803b726]" started-at="2022-03-10T23:10:55 IST" name="loginToApplication" finished-at="2022-03-10T23:10:56 IST" duration-ms="996" status="PASS">
          <reporter-output>
          </reporter-output>
        </test-method> <!-- loginToApplication -->
        <test-method signature="verifyWorkSchedulePage()[pri:3, instance:pack123.TestNG@4803b726]" started-at="2022-03-10T23:10:56 IST" name="verifyWorkSchedulePage" finished-at="2022-03-10T23:10:56 IST" duration-ms="226" status="PASS">
          <reporter-output>
          </reporter-output>
        </test-method> <!-- verifyWorkSchedulePage -->
        <test-method is-config="true" signature="clickOnTheLogOutTab(org.testng.ITestResult)[pri:0, instance:pack123.TestNG@4803b726]" started-at="2022-03-10T23:10:56 IST" name="clickOnTheLogOutTab" finished-at="2022-03-10T23:10:59 IST" duration-ms="3114" status="PASS">
          <params>
            <param index="0">
              <value>
                <![CDATA[[TestResult name=verifyWorkSchedulePage status=SUCCESS method=TestNG.verifyWorkSchedulePage()[pri:3, instance:pack123.TestNG@4803b726] output={null}]]]>
              </value>
            </param>
          </params>
          <reporter-output>
          </reporter-output>
        </test-method> <!-- clickOnTheLogOutTab -->
        <test-method is-config="true" signature="loginToApplication()[pri:0, instance:pack123.TestNG@4803b726]" started-at="2022-03-10T23:10:59 IST" name="loginToApplication" finished-at="2022-03-10T23:11:00 IST" duration-ms="964" status="PASS">
          <reporter-output>
          </reporter-output>
        </test-method> <!-- loginToApplication -->
        <test-method signature="verifyTasks()[pri:4, instance:pack123.TestNG@4803b726]" started-at="2022-03-10T23:11:00 IST" name="verifyTasks" finished-at="2022-03-10T23:11:03 IST" duration-ms="2607" status="PASS">
          <reporter-output>
          </reporter-output>
        </test-method> <!-- verifyTasks -->
        <test-method is-config="true" signature="clickOnTheLogOutTab(org.testng.ITestResult)[pri:0, instance:pack123.TestNG@4803b726]" started-at="2022-03-10T23:11:03 IST" name="clickOnTheLogOutTab" finished-at="2022-03-10T23:11:06 IST" duration-ms="3021" status="FAIL">
          <params>
            <param index="0">
              <value>
                <![CDATA[[TestResult name=verifyTasks status=SUCCESS method=TestNG.verifyTasks()[pri:4, instance:pack123.TestNG@4803b726] output={null}]]]>
              </value>
            </param>
          </params>
          <exception class="org.openqa.selenium.ElementClickInterceptedException">
            <message>
              <![CDATA[Element <a id="logoutLink" class="logout" href="/logout.do"> is not clickable at point (1316,69) because another element <img id="muar" src="/img/default/dialogs/exitconfirm/shade.png?hash=274618146"> obscures it
Build info: version: '3.141.59', revision: 'e82be7d358', time: '2018-11-14T08:17:03'
System info: host: 'LAPTOP-65GSV0JB', ip: '192.168.1.4', os.name: 'Windows 10', os.arch: 'amd64', os.version: '10.0', java.version: '17.0.1'
Driver info: org.openqa.selenium.firefox.FirefoxDriver
Capabilities {acceptInsecureCerts: true, browserName: firefox, browserVersion: 97.0.1, javascriptEnabled: true, moz:accessibilityChecks: false, moz:buildID: 20220216172458, moz:geckodriverVersion: 0.30.0, moz:headless: false, moz:processID: 7036, moz:profile: C:\Users\Kshitij Gaikwad\Ap..., moz:shutdownTimeout: 60000, moz:useNonSpecCompliantPointerOrigin: false, moz:webdriverClick: true, pageLoadStrategy: normal, platform: WINDOWS, platformName: WINDOWS, platformVersion: 10.0, proxy: Proxy(), setWindowRect: true, strictFileInteractability: false, timeouts: {implicit: 0, pageLoad: 300000, script: 30000}, unhandledPromptBehavior: dismiss and notify}
Session ID: f7b23b93-bee3-49e9-ad87-36f4ba39244b]]>
            </message>
            <full-stacktrace>
              <![CDATA[org.openqa.selenium.ElementClickInterceptedException: Element <a id="logoutLink" class="logout" href="/logout.do"> is not clickable at point (1316,69) because another element <img id="muar" src="/img/default/dialogs/exitconfirm/shade.png?hash=274618146"> obscures it
Build info: version: '3.141.59', revision: 'e82be7d358', time: '2018-11-14T08:17:03'
System info: host: 'LAPTOP-65GSV0JB', ip: '192.168.1.4', os.name: 'Windows 10', os.arch: 'amd64', os.version: '10.0', java.version: '17.0.1'
Driver info: org.openqa.selenium.firefox.FirefoxDriver
Capabilities {acceptInsecureCerts: true, browserName: firefox, browserVersion: 97.0.1, javascriptEnabled: true, moz:accessibilityChecks: false, moz:buildID: 20220216172458, moz:geckodriverVersion: 0.30.0, moz:headless: false, moz:processID: 7036, moz:profile: C:\Users\Kshitij Gaikwad\Ap..., moz:shutdownTimeout: 60000, moz:useNonSpecCompliantPointerOrigin: false, moz:webdriverClick: true, pageLoadStrategy: normal, platform: WINDOWS, platformName: WINDOWS, platformVersion: 10.0, proxy: Proxy(), setWindowRect: true, strictFileInteractability: false, timeouts: {implicit: 0, pageLoad: 300000, script: 30000}, unhandledPromptBehavior: dismiss and notify}
Session ID: f7b23b93-bee3-49e9-ad87-36f4ba39244b
at java.base/jdk.internal.reflect.NativeConstructorAccessorImpl.newInstance0(Native Method)
at java.base/jdk.internal.reflect.NativeConstructorAccessorImpl.newInstance(NativeConstructorAccessorImpl.java:77)
at java.base/jdk.internal.reflect.DelegatingConstructorAccessorImpl.newInstance(DelegatingConstructorAccessorImpl.java:45)
at java.base/java.lang.reflect.Constructor.newInstanceWithCaller(Constructor.java:499)
at java.base/java.lang.reflect.Constructor.newInstance(Constructor.java:480)
at org.openqa.selenium.remote.http.W3CHttpResponseCodec.createException(W3CHttpResponseCodec.java:187)
at org.openqa.selenium.remote.http.W3CHttpResponseCodec.decode(W3CHttpResponseCodec.java:122)
at org.openqa.selenium.remote.http.W3CHttpResponseCodec.decode(W3CHttpResponseCodec.java:49)
at org.openqa.selenium.remote.HttpCommandExecutor.execute(HttpCommandExecutor.java:158)
at org.openqa.selenium.remote.service.DriverCommandExecutor.execute(DriverCommandExecutor.java:83)
at org.openqa.selenium.remote.RemoteWebDriver.execute(RemoteWebDriver.java:552)
at org.openqa.selenium.remote.RemoteWebElement.execute(RemoteWebElement.java:285)
at org.openqa.selenium.remote.RemoteWebElement.click(RemoteWebElement.java:84)
at jdk.internal.reflect.GeneratedMethodAccessor1.invoke(Unknown Source)
at java.base/jdk.internal.reflect.DelegatingMethodAccessorImpl.invoke(DelegatingMethodAccessorImpl.java:43)
at java.base/java.lang.reflect.Method.invoke(Method.java:568)
at org.openqa.selenium.support.pagefactory.internal.LocatingElementHandler.invoke(LocatingElementHandler.java:51)
at jdk.proxy2/jdk.proxy2.$Proxy17.click(Unknown Source)
at pom.ApplicationHeaderPage.clickOnLogOutTab(ApplicationHeaderPage.java:65)
at pack123.TestNG.clickOnTheLogOutTab(TestNG.java:174)
at java.base/jdk.internal.reflect.NativeMethodAccessorImpl.invoke0(Native Method)
at java.base/jdk.internal.reflect.NativeMethodAccessorImpl.invoke(NativeMethodAccessorImpl.java:77)
at java.base/jdk.internal.reflect.DelegatingMethodAccessorImpl.invoke(DelegatingMethodAccessorImpl.java:43)
at java.base/java.lang.reflect.Method.invoke(Method.java:568)
at org.testng.internal.MethodInvocationHelper.invokeMethod(MethodInvocationHelper.java:133)
at org.testng.internal.MethodInvocationHelper.invokeMethodConsideringTimeout(MethodInvocationHelper.java:62)
at org.testng.internal.ConfigInvoker.invokeConfigurationMethod(ConfigInvoker.java:385)
at org.testng.internal.ConfigInvoker.invokeConfigurations(ConfigInvoker.java:321)
at org.testng.internal.TestInvoker.runConfigMethods(TestInvoker.java:700)
at org.testng.internal.TestInvoker.runAfterGroupsConfigurations(TestInvoker.java:676)
at org.testng.internal.TestInvoker.invokeMethod(TestInvoker.java:660)
at org.testng.internal.TestInvoker.invokeTestMethod(TestInvoker.java:173)
at org.testng.internal.MethodRunner.runInSequence(MethodRunner.java:46)
at org.testng.internal.TestInvoker$MethodInvocationAgent.invoke(TestInvoker.java:824)
at org.testng.internal.TestInvoker.invokeTestMethods(TestInvoker.java:146)
at org.testng.internal.TestMethodWorker.invokeTestMethods(TestMethodWorker.java:146)
at org.testng.internal.TestMethodWorker.run(TestMethodWorker.java:128)
at java.base/java.util.concurrent.ThreadPoolExecutor.runWorker(ThreadPoolExecutor.java:1136)
at java.base/java.util.concurrent.ThreadPoolExecutor$Worker.run(ThreadPoolExecutor.java:635)
at java.base/java.lang.Thread.run(Thread.java:833)
]]>
            </full-stacktrace>
          </exception> <!-- org.openqa.selenium.ElementClickInterceptedException -->
          <reporter-output>
          </reporter-output>
        </test-method> <!-- clickOnTheLogOutTab -->
        <test-method is-config="true" signature="clearObjectOfPOMClasses()[pri:0, instance:pack123.TestNG@4803b726]" started-at="2022-03-10T23:11:06 IST" name="clearObjectOfPOMClasses" finished-at="1970-01-01T05:30:00 IST" duration-ms="-1646934066206" status="SKIP">
          <reporter-output>
          </reporter-output>
        </test-method> <!-- clearObjectOfPOMClasses -->
        <test-method is-config="true" signature="closedBrowser()[pri:0, instance:pack123.TestNG@4803b726]" started-at="2022-03-10T23:11:06 IST" name="closedBrowser" finished-at="1970-01-01T05:30:00 IST" duration-ms="-1646934066207" status="SKIP">
          <reporter-output>
          </reporter-output>
        </test-method> <!-- closedBrowser -->
      </class> <!-- pack123.TestNG -->
    </test> <!-- Firefox -->
  </suite> <!-- Suite -->
</testng-results>
