<?xml version="1.0" encoding="UTF-8"?>
<!-- Generated by org.testng.reporters.JUnitXMLReporter -->
<testsuite ignored="0" hostname="LAPTOP-65GSV0JB" failures="0" tests="5" name="Firefox(failed)" time="6.745" errors="0" timestamp="2022-03-10T20:48:49 IST">
  <testcase classname="pack123.TestNG" name="@BeforeTest launchBrowser" time="6.7">
    <failure type="org.openqa.selenium.WebDriverException" message="Process unexpectedly closed with status 0
Build info: version: &amp;apos;3.141.59&amp;apos;, revision: &amp;apos;e82be7d358&amp;apos;, time: &amp;apos;2018-11-14T08:17:03&amp;apos;
System info: host: &amp;apos;LAPTOP-65GSV0JB&amp;apos;, ip: &amp;apos;192.168.1.4&amp;apos;, os.name: &amp;apos;Windows 10&amp;apos;, os.arch: &amp;apos;amd64&amp;apos;, os.version: &amp;apos;10.0&amp;apos;, java.version: &amp;apos;17.0.1&amp;apos;
Driver info: driver.version: FirefoxDriver
remote stacktrace: ">
      <![CDATA[org.openqa.selenium.WebDriverException: Process unexpectedly closed with status 0
Build info: version: '3.141.59', revision: 'e82be7d358', time: '2018-11-14T08:17:03'
System info: host: 'LAPTOP-65GSV0JB', ip: '192.168.1.4', os.name: 'Windows 10', os.arch: 'amd64', os.version: '10.0', java.version: '17.0.1'
Driver info: driver.version: FirefoxDriver
remote stacktrace: 
at org.openqa.selenium.remote.W3CHandshakeResponse.lambda$errorHandler$0(W3CHandshakeResponse.java:62)
at org.openqa.selenium.remote.HandshakeResponse.lambda$getResponseFunction$0(HandshakeResponse.java:30)
at org.openqa.selenium.remote.ProtocolHandshake.lambda$createSession$0(ProtocolHandshake.java:126)
at java.base/java.util.stream.ReferencePipeline$3$1.accept(ReferencePipeline.java:197)
at java.base/java.util.Spliterators$ArraySpliterator.tryAdvance(Spliterators.java:1002)
at java.base/java.util.stream.ReferencePipeline.forEachWithCancel(ReferencePipeline.java:129)
at java.base/java.util.stream.AbstractPipeline.copyIntoWithCancel(AbstractPipeline.java:527)
at java.base/java.util.stream.AbstractPipeline.copyInto(AbstractPipeline.java:513)
at java.base/java.util.stream.AbstractPipeline.wrapAndCopyInto(AbstractPipeline.java:499)
at java.base/java.util.stream.FindOps$FindOp.evaluateSequential(FindOps.java:150)
at java.base/java.util.stream.AbstractPipeline.evaluate(AbstractPipeline.java:234)
at java.base/java.util.stream.ReferencePipeline.findFirst(ReferencePipeline.java:647)
at org.openqa.selenium.remote.ProtocolHandshake.createSession(ProtocolHandshake.java:128)
at org.openqa.selenium.remote.ProtocolHandshake.createSession(ProtocolHandshake.java:74)
at org.openqa.selenium.remote.HttpCommandExecutor.execute(HttpCommandExecutor.java:136)
at org.openqa.selenium.remote.service.DriverCommandExecutor.execute(DriverCommandExecutor.java:83)
at org.openqa.selenium.remote.RemoteWebDriver.execute(RemoteWebDriver.java:552)
at org.openqa.selenium.remote.RemoteWebDriver.startSession(RemoteWebDriver.java:213)
at org.openqa.selenium.remote.RemoteWebDriver.<init>(RemoteWebDriver.java:131)
at org.openqa.selenium.firefox.FirefoxDriver.<init>(FirefoxDriver.java:147)
at org.openqa.selenium.firefox.FirefoxDriver.<init>(FirefoxDriver.java:125)
at base.Browser.launchFirefoxBrowser(Browser.java:27)
at pack123.TestNG.launchBrowser(TestNG.java:46)
... Removed 29 stack frames]]>
    </failure>
  </testcase> <!-- @BeforeTest launchBrowser -->
  <testcase classname="pack123.TestNG" name="@BeforeClass objectOfAllPOMClasses" time="-1.646925529491E9">
    <skipped/>
  </testcase> <!-- @BeforeClass objectOfAllPOMClasses -->
  <testcase classname="pack123.TestNG" name="@BeforeMethod loginToApplication" time="-1.646925529494E9">
    <skipped/>
  </testcase> <!-- @BeforeMethod loginToApplication -->
  <testcase classname="pack123.TestNG" name="@AfterMethod clickOnTheLogOutTab" time="-1.6469255295E9">
    <skipped/>
  </testcase> <!-- @AfterMethod clickOnTheLogOutTab -->
  <testcase classname="pack123.TestNG" name="@BeforeMethod loginToApplication" time="-1.646925529502E9">
    <skipped/>
  </testcase> <!-- @BeforeMethod loginToApplication -->
  <testcase classname="pack123.TestNG" name="@AfterMethod clickOnTheLogOutTab" time="-1.646925529506E9">
    <skipped/>
  </testcase> <!-- @AfterMethod clickOnTheLogOutTab -->
  <testcase classname="pack123.TestNG" name="@BeforeMethod loginToApplication" time="-1.646925529507E9">
    <skipped/>
  </testcase> <!-- @BeforeMethod loginToApplication -->
  <testcase classname="pack123.TestNG" name="@AfterMethod clickOnTheLogOutTab" time="-1.64692552951E9">
    <skipped/>
  </testcase> <!-- @AfterMethod clickOnTheLogOutTab -->
  <testcase classname="pack123.TestNG" name="@BeforeMethod loginToApplication" time="-1.646925529511E9">
    <skipped/>
  </testcase> <!-- @BeforeMethod loginToApplication -->
  <testcase classname="pack123.TestNG" name="@AfterMethod clickOnTheLogOutTab" time="-1.64692552952E9">
    <skipped/>
  </testcase> <!-- @AfterMethod clickOnTheLogOutTab -->
  <testcase classname="pack123.TestNG" name="@BeforeMethod loginToApplication" time="-1.646925529521E9">
    <skipped/>
  </testcase> <!-- @BeforeMethod loginToApplication -->
  <testcase classname="pack123.TestNG" name="@AfterMethod clickOnTheLogOutTab" time="-1.646925529524E9">
    <skipped/>
  </testcase> <!-- @AfterMethod clickOnTheLogOutTab -->
  <testcase classname="pack123.TestNG" name="@AfterClass clearObjectOfPOMClasses" time="-1.646925529525E9">
    <skipped/>
  </testcase> <!-- @AfterClass clearObjectOfPOMClasses -->
  <testcase classname="pack123.TestNG" name="@AfterTest closedBrowser" time="-1.646925529526E9">
    <skipped/>
  </testcase> <!-- @AfterTest closedBrowser -->
  <testcase classname="pack123.TestNG" name="verifyOpenTaskPage" time="0.0">
    <skipped/>
  </testcase> <!-- verifyOpenTaskPage -->
  <testcase classname="pack123.TestNG" name="verifyOpenReportPage" time="0.0">
    <skipped/>
  </testcase> <!-- verifyOpenReportPage -->
  <testcase classname="pack123.TestNG" name="verifyOpenUserPage" time="0.0">
    <skipped/>
  </testcase> <!-- verifyOpenUserPage -->
  <testcase classname="pack123.TestNG" name="verifyWorkSchedulePage" time="0.0">
    <skipped/>
  </testcase> <!-- verifyWorkSchedulePage -->
  <testcase classname="pack123.TestNG" name="verifyTasks" time="0.0">
    <skipped/>
  </testcase> <!-- verifyTasks -->
</testsuite> <!-- Firefox(failed) -->
